Timestamp,Event,Person
2025-11-22 13:33:17,System Started,N/A
2025-11-22 13:33:20,Door Opened,mohit
2025-11-22 13:33:20,Authorized Access,mohit
2025-11-22 13:33:27,Door Locked,N/A
2025-11-22 13:33:27,System Stopped,N/A
2025-11-22 14:03:27,System Started,N/A
2025-11-22 14:03:31,Door Opened,mohit
2025-11-22 14:03:31,Authorized Access,mohit
2025-11-22 14:03:36,Door Locked,N/A
2025-11-22 14:03:36,System Stopped,N/A
2025-11-22 14:28:02,System Started,N/A
2025-11-22 14:28:23,Unknown Person Detected,N/A
2025-11-22 14:28:23,Unknown Person Detected,N/A
2025-11-22 14:28:24,Unknown Person Detected,N/A
2025-11-22 14:28:24,Unknown Person Detected,N/A
2025-11-22 14:28:25,Unknown Person Detected,N/A
2025-11-22 14:28:25,Unknown Person Detected,N/A
2025-11-22 14:28:26,Unknown Person Detected,N/A
2025-11-22 14:28:26,Unknown Person Detected,N/A
2025-11-22 14:28:27,Unknown Person Detected,N/A
2025-11-22 14:28:27,Unknown Person Detected,N/A
2025-11-22 14:28:29,Door Locked,N/A
2025-11-22 14:28:29,System Stopped,N/A
2025-11-22 14:35:16,System Started,N/A
2025-11-22 14:35:25,Unknown Person Detected,N/A
2025-11-22 14:35:26,Unknown Person Detected,N/A
2025-11-22 14:35:26,Unknown Person Detected,N/A
2025-11-22 14:35:27,Unknown Person Detected,N/A
2025-11-22 14:35:27,Unknown Person Detected,N/A
2025-11-22 14:35:28,Unknown Person Detected,N/A
2025-11-22 14:35:28,Unknown Person Detected,N/A
2025-11-22 14:35:34,Door Locked,N/A
2025-11-22 14:35:34,System Stopped,N/A
2025-11-22 14:47:48,System Started,N/A
2025-11-22 14:47:52,Door Opened,mohit
2025-11-22 14:47:56,Authorized Access,mohit
2025-11-22 14:47:57,Door Locked,N/A
2025-11-22 14:48:07,Unknown Person Detected,N/A
2025-11-22 14:48:15,Door Locked,N/A
2025-11-22 14:48:15,System Stopped,N/A
2025-11-22 15:20:52,System Started,N/A
2025-11-22 15:21:24,Unknown Person Detected,N/A
2025-11-22 15:21:36,Door Locked,N/A
2025-11-22 15:21:36,System Stopped,N/A
2025-11-22 16:57:18,System Started,N/A
2025-11-22 16:59:07,Unknown Person Detected,N/A
2025-11-22 16:59:13,Door Opened,mohit
2025-11-22 16:59:17,Authorized Access,mohit
2025-11-22 16:59:20,Door Locked,N/A
2025-11-22 16:59:20,System Stopped,N/A
2025-11-22 18:19:18,System Started,N/A
2025-11-22 18:19:22,Spoofing Attempt Detected,Mohit
2025-11-22 18:19:36,Door Locked,N/A
2025-11-22 18:19:36,System Stopped,N/A
2025-11-22 18:19:43,System Started,N/A
2025-11-22 18:19:47,Spoofing Attempt Detected,Mohit
2025-11-22 18:20:02,Door Locked,N/A
2025-11-22 18:20:02,System Stopped,N/A
2025-11-22 18:24:19,System Started,N/A
2025-11-22 18:24:24,Spoofing Attempt Detected,Mohit
2025-11-22 18:24:39,Door Locked,N/A
2025-11-22 18:24:39,System Stopped,N/A
2025-11-22 18:42:19,System Started,N/A
2025-11-22 18:42:23,Spoofing Attempt Detected,Mohit
2025-11-22 18:42:48,Door Locked,N/A
2025-11-22 18:42:48,System Stopped,N/A
2025-11-22 18:46:22,System Started,N/A
2025-11-22 18:46:28,Door Opened,Mohit
2025-11-22 18:46:28,Authorized Access,Mohit
2025-11-22 18:46:33,Door Locked,N/A
2025-11-22 18:46:55,Unknown Person Detected,N/A
2025-11-22 18:47:04,Door Locked,N/A
2025-11-22 18:47:04,System Stopped,N/A
2025-11-22 19:08:18,System Started,N/A
2025-11-22 19:08:22,Unknown Person Detected,No face detected for 3 consecutive attempts
2025-11-22 19:08:27,Unknown Person Detected,N/A
2025-11-22 19:08:31,Unknown Person Detected,No face detected for 3 consecutive attempts
2025-11-22 19:08:36,Unknown Person Detected,No face detected for 3 consecutive attempts
2025-11-22 19:08:40,Unknown Person Detected,No face detected for 3 consecutive attempts
2025-11-22 19:08:45,Door Locked,N/A
2025-11-22 19:08:45,System Stopped,N/A
2025-11-22 19:14:36,System Started,N/A
2025-11-22 19:14:41,Unknown Person Detected,N/A
2025-11-22 19:14:41,Unknown Person Detected,3 consecutive face detection failures
2025-11-22 19:14:47,Unknown Person Detected,No face detected for 3 consecutive attempts
2025-11-22 19:14:51,Unknown Person Detected,No face detected for 3 consecutive attempts
2025-11-22 19:14:56,Unknown Person Detected,No face detected for 3 consecutive attempts
2025-11-22 19:15:02,Door Locked,N/A
2025-11-22 19:15:02,System Stopped,N/A
2025-11-22 19:19:40,System Started,N/A
2025-11-22 19:19:45,Unknown Person Detected,N/A
2025-11-22 19:19:45,Unknown Person Detected,No face detected for 3 consecutive attempts
2025-11-22 19:19:50,Unknown Person Detected,N/A
2025-11-22 19:19:51,Unknown Person Detected,N/A
2025-11-22 19:19:51,Unknown Person Detected,N/A
2025-11-22 19:19:51,Unknown Person Detected,3 consecutive face detection failures
2025-11-22 19:19:56,Door Locked,N/A
2025-11-22 19:19:56,System Stopped,N/A
2025-11-22 19:29:49,System Started,N/A
2025-11-22 19:29:53,Unknown Person Detected,No face detected for 3 consecutive attempts
2025-11-22 19:29:58,Unknown Person Detected,N/A
2025-11-22 19:29:58,Unknown Person Detected,No face detected for 3 consecutive attempts
2025-11-22 19:30:04,Door Locked,N/A
2025-11-22 19:30:04,System Stopped,N/A
2025-11-22 19:31:58,System Started,N/A
2025-11-22 19:32:03,Unknown Person Detected,N/A
2025-11-22 19:32:08,Unknown Person Detected,N/A
2025-11-22 19:32:13,Unknown Person Detected,N/A
2025-11-22 19:32:14,Unknown Person Detected,N/A
2025-11-22 19:32:19,Unknown Person Detected,N/A
2025-11-22 19:32:25,Door Locked,N/A
2025-11-22 19:32:25,System Stopped,N/A
2025-11-22 19:34:41,System Started,N/A
2025-11-22 19:34:46,Unknown Person Detected,N/A
2025-11-22 19:34:46,Unknown Person Detected,N/A
2025-11-22 19:34:47,Unknown Person Detected,N/A
2025-11-22 19:34:47,Unknown Person Detected,N/A
2025-11-22 19:34:47,Unknown Person Detected,N/A
2025-11-22 19:34:48,Unknown Person Detected,N/A
2025-11-22 19:34:48,Unknown Person Detected,N/A
2025-11-22 19:34:49,Unknown Person Detected,N/A
2025-11-22 19:34:49,Unknown Person Detected,N/A
2025-11-22 19:34:50,Unknown Person Detected,N/A
2025-11-22 19:34:50,Unknown Person Detected,N/A
2025-11-22 19:34:51,Unknown Person Detected,N/A
2025-11-22 19:34:51,Unknown Person Detected,N/A
2025-11-22 19:34:52,Unknown Person Detected,N/A
2025-11-22 19:34:52,Unknown Person Detected,N/A
2025-11-22 19:34:53,Unknown Person Detected,N/A
2025-11-22 19:34:53,Unknown Person Detected,N/A
2025-11-22 19:34:54,Unknown Person Detected,N/A
2025-11-22 19:34:54,Unknown Person Detected,N/A
2025-11-22 19:34:55,Unknown Person Detected,N/A
2025-11-22 19:34:55,Unknown Person Detected,N/A
2025-11-22 19:34:56,Unknown Person Detected,N/A
2025-11-22 19:34:56,Unknown Person Detected,N/A
2025-11-22 19:34:57,Unknown Person Detected,N/A
2025-11-22 19:34:57,Unknown Person Detected,N/A
2025-11-22 19:34:58,Unknown Person Detected,N/A
2025-11-22 19:34:58,Unknown Person Detected,N/A
2025-11-22 19:34:59,Unknown Person Detected,N/A
2025-11-22 19:34:59,Unknown Person Detected,N/A
2025-11-22 19:35:00,Unknown Person Detected,N/A
2025-11-22 19:35:00,Unknown Person Detected,N/A
2025-11-22 19:35:00,Unknown Person Detected,N/A
2025-11-22 19:35:01,Unknown Person Detected,N/A
2025-11-22 19:35:02,Unknown Person Detected,N/A
2025-11-22 19:35:02,Unknown Person Detected,N/A
2025-11-22 19:35:03,Unknown Person Detected,N/A
2025-11-22 19:35:05,Unknown Person Detected,N/A
2025-11-22 19:35:05,Unknown Person Detected,N/A
2025-11-22 19:35:06,Unknown Person Detected,N/A
2025-11-22 19:35:07,Unknown Person Detected,N/A
2025-11-22 19:35:07,Unknown Person Detected,N/A
2025-11-22 19:35:08,Unknown Person Detected,N/A
2025-11-22 19:35:08,Unknown Person Detected,N/A
2025-11-22 19:35:09,Unknown Person Detected,N/A
2025-11-22 19:35:09,Unknown Person Detected,N/A
2025-11-22 19:35:10,Unknown Person Detected,N/A
2025-11-22 19:35:10,Unknown Person Detected,N/A
2025-11-22 19:35:11,Unknown Person Detected,N/A
2025-11-22 19:35:11,Unknown Person Detected,N/A
2025-11-22 19:35:12,Unknown Person Detected,N/A
2025-11-22 19:35:12,Unknown Person Detected,N/A
2025-11-22 19:35:13,Unknown Person Detected,N/A
2025-11-22 19:35:13,Unknown Person Detected,N/A
2025-11-22 19:35:14,Unknown Person Detected,N/A
2025-11-22 19:35:14,Unknown Person Detected,N/A
2025-11-22 19:35:15,Unknown Person Detected,N/A
2025-11-22 19:35:15,Unknown Person Detected,N/A
2025-11-22 19:35:16,Unknown Person Detected,N/A
2025-11-22 19:35:16,Unknown Person Detected,N/A
2025-11-22 19:35:17,Unknown Person Detected,N/A
2025-11-22 19:35:17,Unknown Person Detected,N/A
2025-11-22 19:35:18,Unknown Person Detected,N/A
2025-11-22 19:35:18,Door Locked,N/A
2025-11-22 19:35:18,System Stopped,N/A
